INFO  19:49:25.531 [main] (Pleiades) Pleiades 構成保管パス: C:\Users\nokoT\Downloads\pleiades\eclipse\configuration\jp.sourceforge.mergedoc.pleiades
INFO  19:49:25.619 [main] (PleiadesConfig) Pleiades 構成ファイルをロードしました。
INFO  19:49:25.620 [main] (Pleiades) Eclipse AOP 起動トランスフォーマーを開始します。Pleiades 起動オプション:null
INFO  19:49:25.624 [pool-1-thread-5] (PropertySet) load  0.003 秒 -      5 エントリー org.eclipse.ui.ide.prefs
INFO  19:49:25.624 [pool-1-thread-2] (PropertySet) load  0.004 秒 -     67 エントリー translation-exclude-package.properties
INFO  19:49:25.632 [pool-1-thread-3] (PropertySet) load  0.011 秒 -    359 エントリー translation-regex.properties
INFO  19:49:25.647 [pool-1-thread-3] (PropertySet) load  0.002 秒 -     16 エントリー translation-regex-through.properties
INFO  19:49:25.698 [pool-2-thread-1] (EclipseFiles) 前回のプラグイン更新最終時刻: 2016-03-11 22:22:02
INFO  19:49:25.698 [pool-2-thread-1] (EclipseFiles) 今回のプラグイン更新最終時刻: 2016-03-11 22:22:02
INFO  19:49:25.702 [main] (LauncherEclipseTransformer) transform: org.eclipse.equinox.launcher.Main
INFO  19:49:25.778 [main] (LauncherTransformer) アプリケーションの起動を開始しました。-clean:false
INFO  19:49:25.778 [main] (LauncherTransformer) Pleiades AOP 起動トランスフォーマーを停止します。
INFO  19:49:25.791 [main] (LauncherTransformer) Pleiades AOP 翻訳トランスフォーマーを開始します。
INFO  19:49:25.837 [pool-1-thread-3] (ExcludeClassNameCache) load   24036 エントリー exclude-class.list
INFO  19:49:26.006 [main] (TransformedClassCache) load     1142 エントリー transformed-class.cache
INFO  19:49:26.103 [pool-1-thread-3] (ValueHashPropertySet) load  0.094 秒 -  35864 エントリー translation-cache.properties.zip
INFO  19:49:26.111 [pool-1-thread-3] (CachePropertySet) load  0.008 秒 -   3212 エントリー mnemonic-cache.properties.zip
INFO  19:49:37.123 [main] (AbstractTranslationDictionary$1) load  0.478 秒 - 118476 エントリー translation.properties
INFO  19:49:37.130 [main] (AbstractTranslationDictionary$1) load  0.007 秒 - 118592 エントリー translation-multibytes-key.properties
INFO  19:49:37.973 [main] (Analyses) Eclipse 始動完了 - 始動時間: 11.967 秒。-clean:false
